<?xml version="1.0" encoding="UTF-8"?>
<testsuites name="Test Suite Visual Testing" time="16.207" tests="1" failures="0" errors="0">
   <testsuite name="Test Suite Visual Testing" tests="1" failures="0" errors="0" time="16.207" skipped="0" timestamp="24-06-2024T22:11:05" hostname="KietDT - host.docker.internal" id="Test Suites/Test Suites/Test Suite Visual Testing">
      <properties>
         <property name="deviceName" value=""/>
         <property name="devicePlatform"/>
         <property name="logFolder" value="D:\\IT\\Sourcecode\\katalon-repo-shadow\\Reports\\20240624_221057\\Test Suites\\Test Suite Visual Testing\\20240624_221058"/>
         <property name="logFiles" value="D:\\IT\\Sourcecode\\katalon-repo-shadow\\Reports\\20240624_221057\\Test Suites\\Test Suite Visual Testing\\20240624_221058\\execution0.log"/>
         <property name="attachments" value="keyes\keyes-current_viewport1.png, keyes\keyes-current_viewport2.png, keyes\keyes-current_viewport3.png, keyes\keyes-current_viewport4.png, keyes\keyes-current_viewport5.png, keyes\keyes-current_viewport6.png, keyes\keyes-current_viewport7.png, keyes\keyes-current_viewport8.png, keyes\keyes-current_viewport9.png, keyes\keyes-current_viewport10.png, keyes\keyes-current_viewport11.png"/>
         <property name="hostName" value="KietDT - host.docker.internal"/>
         <property name="os" value="Windows 11 64bit"/>
         <property name="katalonVersion" value="9.5.0.217"/>
         <property name="browser" value="Chrome 126.0.0.0"/>
         <property name="hostAddress" value="192.168.50.221"/>
         <property name="sessionId" value="deb76f1df2acd6255e25f4f2c311c123"/>
         <property name="seleniumVersion" value="3.141.59"/>
         <property name="proxyInformation" value="ProxyInformation { proxyOption=NO_PROXY, proxyServerType=HTTP, username=, password=********, proxyServerAddress=, proxyServerPort=0, executionList=&quot;&quot;, isApplyToDesiredCapabilities=true }"/>
         <property name="platform" value="Windows 11"/>
      </properties>
      <testcase name="Test Cases/WEB/TC30" time="16.087" classname="Test Cases/WEB/TC30" status="PASSED">
         <system-out><![CDATA[24-06-2024T22:11:06 - [TEST_CASE][PASSED] - Test Cases/WEB/TC30: Test Cases/WEB/TC30

24-06-2024T22:11:06 - [TEST_STEP][PASSED] - openBrowser(""): Browser is opened with url: ''

24-06-2024T22:11:06 - [MESSAGE][INFO] - Starting 'Chrome' driver

24-06-2024T22:11:06 - [MESSAGE][INFO] - Action delay is set to 0 milliseconds

24-06-2024T22:11:08 - [MESSAGE][PASSED] - Browser is opened with url: ''

24-06-2024T22:11:08 - [TEST_STEP][PASSED] - navigateToUrl("https://katalon-demo-cura.herokuapp.com/"): Navigate to 'https://katalon-demo-cura.herokuapp.com/' successfully

24-06-2024T22:11:13 - [MESSAGE][PASSED] - Navigate to 'https://katalon-demo-cura.herokuapp.com/' successfully

24-06-2024T22:11:13 - [TEST_STEP][PASSED] - takeScreenshotAsCheckpoint("current_viewport1"): Taking screenshot successfully

24-06-2024T22:11:14 - [MESSAGE][INFO] - 0 hidden object(s)

24-06-2024T22:11:14 - [MESSAGE][PASSED] - Taking screenshot successfully
[[ATTACHMENT|keyes\keyes-current_viewport1.png]]

24-06-2024T22:11:14 - [TEST_STEP][PASSED] - click(findTestObject("Object Repository/Page_CURA Healthcare Service/i_CURA Healthcare_fa fa-bars")): Object: 'Object Repository/Page_CURA Healthcare Service/i_CURA Healthcare_fa fa-bars' is clicked on

24-06-2024T22:11:14 - [MESSAGE][PASSED] - Object: 'Object Repository/Page_CURA Healthcare Service/i_CURA Healthcare_fa fa-bars' is clicked on

24-06-2024T22:11:14 - [TEST_STEP][PASSED] - takeScreenshotAsCheckpoint("current_viewport2"): Taking screenshot successfully

24-06-2024T22:11:15 - [MESSAGE][INFO] - 0 hidden object(s)

24-06-2024T22:11:15 - [MESSAGE][PASSED] - Taking screenshot successfully
[[ATTACHMENT|keyes\keyes-current_viewport2.png]]

24-06-2024T22:11:15 - [TEST_STEP][PASSED] - click(findTestObject("Object Repository/Page_CURA Healthcare Service/a_Login")): Object: 'Object Repository/Page_CURA Healthcare Service/a_Login' is clicked on

24-06-2024T22:11:16 - [MESSAGE][PASSED] - Object: 'Object Repository/Page_CURA Healthcare Service/a_Login' is clicked on

24-06-2024T22:11:16 - [TEST_STEP][PASSED] - verifyElementText(findTestObject("Object Repository/Page_CURA Healthcare Service/h2_Login"), "Login"): Actual text and expected text of test object 'Object Repository/Page_CURA Healthcare Service/h2_Login' are matched.

24-06-2024T22:11:16 - [MESSAGE][PASSED] - Actual text and expected text of test object 'Object Repository/Page_CURA Healthcare Service/h2_Login' are matched.

24-06-2024T22:11:16 - [TEST_STEP][PASSED] - verifyElementText(findTestObject("Object Repository/Page_CURA Healthcare Service/p_Please login to make appointment"), "Please login to make appointment."): Actual text and expected text of test object 'Object Repository/Page_CURA Healthcare Service/p_Please login to make appointment' are matched.

24-06-2024T22:11:17 - [MESSAGE][PASSED] - Actual text and expected text of test object 'Object Repository/Page_CURA Healthcare Service/p_Please login to make appointment' are matched.

24-06-2024T22:11:17 - [TEST_STEP][PASSED] - verifyElementPresent(findTestObject("Object Repository/Page_CURA Healthcare Service/label_Username"), 0): Object 'Object Repository/Page_CURA Healthcare Service/label_Username' is present

24-06-2024T22:11:17 - [MESSAGE][WARNING] - Timeout '0' is invalid. Using default page load timeout: '30'

24-06-2024T22:11:17 - [MESSAGE][PASSED] - Object 'Object Repository/Page_CURA Healthcare Service/label_Username' is present

24-06-2024T22:11:17 - [TEST_STEP][PASSED] - verifyElementPresent(findTestObject("Object Repository/Page_CURA Healthcare Service/input_Username_username"), 0): Object 'Object Repository/Page_CURA Healthcare Service/input_Username_username' is present

24-06-2024T22:11:17 - [MESSAGE][WARNING] - Timeout '0' is invalid. Using default page load timeout: '30'

24-06-2024T22:11:17 - [MESSAGE][PASSED] - Object 'Object Repository/Page_CURA Healthcare Service/input_Username_username' is present

24-06-2024T22:11:17 - [TEST_STEP][PASSED] - verifyElementPresent(findTestObject("Object Repository/Page_CURA Healthcare Service/label_Password"), 0): Object 'Object Repository/Page_CURA Healthcare Service/label_Password' is present

24-06-2024T22:11:17 - [MESSAGE][WARNING] - Timeout '0' is invalid. Using default page load timeout: '30'

24-06-2024T22:11:17 - [MESSAGE][PASSED] - Object 'Object Repository/Page_CURA Healthcare Service/label_Password' is present

24-06-2024T22:11:17 - [TEST_STEP][PASSED] - verifyElementPresent(findTestObject("Object Repository/Page_CURA Healthcare Service/input_Password_password"), 0): Object 'Object Repository/Page_CURA Healthcare Service/input_Password_password' is present

24-06-2024T22:11:17 - [MESSAGE][WARNING] - Timeout '0' is invalid. Using default page load timeout: '30'

24-06-2024T22:11:18 - [MESSAGE][PASSED] - Object 'Object Repository/Page_CURA Healthcare Service/input_Password_password' is present

24-06-2024T22:11:18 - [TEST_STEP][PASSED] - verifyElementClickable(findTestObject("Object Repository/Page_CURA Healthcare Service/button_Login")): Object 'Object Repository/Page_CURA Healthcare Service/button_Login' is clickable

24-06-2024T22:11:18 - [MESSAGE][PASSED] - Object 'Object Repository/Page_CURA Healthcare Service/button_Login' is clickable

24-06-2024T22:11:18 - [TEST_STEP][PASSED] - takeScreenshotAsCheckpoint("current_viewport3"): Taking screenshot successfully

24-06-2024T22:11:18 - [MESSAGE][INFO] - 0 hidden object(s)

24-06-2024T22:11:18 - [MESSAGE][PASSED] - Taking screenshot successfully
[[ATTACHMENT|keyes\keyes-current_viewport3.png]]

24-06-2024T22:11:18 - [TEST_STEP][PASSED] - takeScreenshotAsCheckpoint("current_viewport4"): Taking screenshot successfully

24-06-2024T22:11:19 - [MESSAGE][INFO] - 0 hidden object(s)

24-06-2024T22:11:19 - [MESSAGE][PASSED] - Taking screenshot successfully
[[ATTACHMENT|keyes\keyes-current_viewport4.png]]

24-06-2024T22:11:19 - [TEST_STEP][PASSED] - takeScreenshotAsCheckpoint("current_viewport5"): Taking screenshot successfully

24-06-2024T22:11:19 - [MESSAGE][INFO] - 0 hidden object(s)

24-06-2024T22:11:19 - [MESSAGE][PASSED] - Taking screenshot successfully
[[ATTACHMENT|keyes\keyes-current_viewport5.png]]

24-06-2024T22:11:19 - [TEST_STEP][PASSED] - takeScreenshotAsCheckpoint("current_viewport6"): Taking screenshot successfully

24-06-2024T22:11:20 - [MESSAGE][INFO] - 0 hidden object(s)

24-06-2024T22:11:20 - [MESSAGE][PASSED] - Taking screenshot successfully
[[ATTACHMENT|keyes\keyes-current_viewport6.png]]

24-06-2024T22:11:20 - [TEST_STEP][PASSED] - takeScreenshotAsCheckpoint("current_viewport7"): Taking screenshot successfully

24-06-2024T22:11:20 - [MESSAGE][INFO] - 0 hidden object(s)

24-06-2024T22:11:20 - [MESSAGE][PASSED] - Taking screenshot successfully
[[ATTACHMENT|keyes\keyes-current_viewport7.png]]

24-06-2024T22:11:20 - [TEST_STEP][PASSED] - takeScreenshotAsCheckpoint("current_viewport8"): Taking screenshot successfully

24-06-2024T22:11:20 - [MESSAGE][INFO] - 0 hidden object(s)

24-06-2024T22:11:20 - [MESSAGE][PASSED] - Taking screenshot successfully
[[ATTACHMENT|keyes\keyes-current_viewport8.png]]

24-06-2024T22:11:20 - [TEST_STEP][PASSED] - takeScreenshotAsCheckpoint("current_viewport9"): Taking screenshot successfully

24-06-2024T22:11:21 - [MESSAGE][INFO] - 0 hidden object(s)

24-06-2024T22:11:21 - [MESSAGE][PASSED] - Taking screenshot successfully
[[ATTACHMENT|keyes\keyes-current_viewport9.png]]

24-06-2024T22:11:21 - [TEST_STEP][PASSED] - takeScreenshotAsCheckpoint("current_viewport10"): Taking screenshot successfully

24-06-2024T22:11:21 - [MESSAGE][INFO] - 0 hidden object(s)

24-06-2024T22:11:21 - [MESSAGE][PASSED] - Taking screenshot successfully
[[ATTACHMENT|keyes\keyes-current_viewport10.png]]

24-06-2024T22:11:21 - [TEST_STEP][PASSED] - takeScreenshotAsCheckpoint("current_viewport11"): Taking screenshot successfully

24-06-2024T22:11:22 - [MESSAGE][INFO] - 0 hidden object(s)

24-06-2024T22:11:22 - [MESSAGE][PASSED] - Taking screenshot successfully
[[ATTACHMENT|keyes\keyes-current_viewport11.png]]

24-06-2024T22:11:22 - [TEST_STEP][PASSED] - closeBrowser(): Browser is closed

24-06-2024T22:11:22 - [MESSAGE][PASSED] - Browser is closed]]></system-out>
         <system-err><![CDATA[]]></system-err>
      </testcase>
      <system-out><![CDATA[24-06-2024T22:11:05 - [TEST_SUITE][PASSED] - Test Suite Visual Testing: Test Cases/WEB/TC30]]></system-out>
      <system-err><![CDATA[]]></system-err>
   </testsuite>
</testsuites>
