<?xml version="1.0" encoding="UTF-8"?>
<testsuites name="Test Suite Empty Case" time="0.379" tests="1" failures="0" errors="0">
   <testsuite name="Test Suite Empty Case" tests="1" failures="0" errors="0" time="0.379" skipped="0" timestamp="20-06-2024T21:34:08" hostname="KietDT - host.docker.internal" id="Test Suites/Test Suites/Test Suite Empty Case">
      <properties>
         <property name="deviceName" value=""/>
         <property name="devicePlatform"/>
         <property name="logFolder" value="D:\\IT\\Sourcecode\\katalon-repo-shadow\\Reports\\20240620_213356\\Test Suites\\Test Suite Empty Case\\20240620_213358"/>
         <property name="logFiles" value="D:\\IT\\Sourcecode\\katalon-repo-shadow\\Reports\\20240620_213356\\Test Suites\\Test Suite Empty Case\\20240620_213358\\execution0.log"/>
         <property name="attachments" value=""/>
         <property name="hostName" value="KietDT - host.docker.internal"/>
         <property name="hostAddress" value="192.168.50.221"/>
         <property name="os" value="Windows 11 64bit"/>
         <property name="katalonVersion" value="9.5.0.217"/>
      </properties>
      <testcase name="Test Cases/WEB/TC31" time="0.211" classname="Test Cases/WEB/TC31" status="PASSED">
         <system-out><![CDATA[20-06-2024T21:34:08 - [TEST_CASE][PASSED] - Test Cases/WEB/TC31: Test Cases/WEB/TC31

20-06-2024T21:34:08 - [TEST_STEP][PASSED] - return null: null]]></system-out>
         <system-err><![CDATA[]]></system-err>
      </testcase>
      <system-out><![CDATA[20-06-2024T21:34:08 - [TEST_SUITE][PASSED] - Test Suite Empty Case: Test Cases/WEB/TC31]]></system-out>
      <system-err><![CDATA[]]></system-err>
   </testsuite>
</testsuites>
