<?xml version="1.0" encoding="UTF-8"?>
<testsuites name="Empty" time="9.9" tests="1" failures="0" errors="0">
   <testsuite name="Test Suite Empty Case" tests="1" failures="0" errors="0" time="0.292" skipped="0" timestamp="28-06-2024T17:14:37" hostname="KietDT - host.docker.internal" id="Test Suites/Test Suites/Test Suite Empty Case">
      <properties>
         <property name="deviceName" value=""/>
         <property name="devicePlatform"/>
         <property name="logFolder" value="D:\\IT\\Sourcecode\\katalon-repo-shadow\\Reports\\20240628_171429\\Test Suites\\Test Suite Empty Case\\20240628_171430"/>
         <property name="logFiles" value="D:\\IT\\Sourcecode\\katalon-repo-shadow\\Reports\\20240628_171429\\Test Suites\\Test Suite Empty Case\\20240628_171430\\execution0.log"/>
         <property name="attachments" value=""/>
         <property name="hostName" value="KietDT - host.docker.internal"/>
         <property name="hostAddress" value="192.168.50.221"/>
         <property name="os" value="Windows 11 64bit"/>
         <property name="katalonVersion" value="9.5.0.217"/>
      </properties>
      <testcase name="Test Cases/WEB/TC31" time="0.171" classname="Test Cases/WEB/TC31" status="PASSED">
         <system-out><![CDATA[28-06-2024T17:14:37 - [TEST_CASE][PASSED] - Test Cases/WEB/TC31: Test Cases/WEB/TC31

28-06-2024T17:14:38 - [TEST_STEP][PASSED] - return null: null]]></system-out>
         <system-err><![CDATA[]]></system-err>
      </testcase>
      <system-out><![CDATA[28-06-2024T17:14:37 - [TEST_SUITE][PASSED] - Test Suite Empty Case: Test Cases/WEB/TC31]]></system-out>
      <system-err><![CDATA[]]></system-err>
   </testsuite>
</testsuites>
