<?xml version="1.0" encoding="UTF-8"?>
<testsuites name="Test Suite API" time="2.326" tests="1" failures="0" errors="0">
   <testsuite name="Test Suite API" tests="1" failures="0" errors="0" time="2.326" skipped="0" timestamp="07-06-2024T23:16:59" hostname="KietDT - host.docker.internal" id="Test Suites/Test Suites/Test Suite API">
      <properties>
         <property name="deviceName" value=""/>
         <property name="devicePlatform"/>
         <property name="logFolder" value="D:\\IT\\katalon-repo-shadow\\Reports\\20240607_231653\\Test Suites\\Test Suite API\\20240607_231654"/>
         <property name="logFiles" value="D:\\IT\\katalon-repo-shadow\\Reports\\20240607_231653\\Test Suites\\Test Suite API\\20240607_231654\\execution0.log"/>
         <property name="attachments" value=""/>
         <property name="hostName" value="KietDT - host.docker.internal"/>
         <property name="hostAddress" value="192.168.50.221"/>
         <property name="os" value="Windows 11 64bit"/>
         <property name="katalonVersion" value="9.5.0.217"/>
      </properties>
      <testcase name="Test Cases/API/API01" time="2.222" classname="Test Cases/API/API01" status="PASSED">
         <system-out><![CDATA[07-06-2024T23:16:59 - [TEST_CASE][PASSED] - Test Cases/API/API01: Test Cases/API/API01

07-06-2024T23:17:00 - [TEST_STEP][PASSED] - getSingleUser = sendRequest(findTestObject("API/Get Single User")): Send request successfully

07-06-2024T23:17:02 - [MESSAGE][INFO] - HAR: D:\IT\katalon-repo-shadow\Reports\20240607_231653\Test Suites\Test Suite API\20240607_231654\requests\main\0.har

07-06-2024T23:17:02 - [MESSAGE][PASSED] - Send request successfully

07-06-2024T23:17:02 - [TEST_STEP][PASSED] - verifyResponseStatusCode(getSingleUser, 200): Verify response status code successfully

07-06-2024T23:17:02 - [MESSAGE][PASSED] - Verify response status code successfully]]></system-out>
         <system-err><![CDATA[]]></system-err>
      </testcase>
      <system-out><![CDATA[07-06-2024T23:16:59 - [TEST_SUITE][PASSED] - Test Suite API: Test Cases/API/API01]]></system-out>
      <system-err><![CDATA[]]></system-err>
   </testsuite>
</testsuites>
