<?xml version="1.0" encoding="UTF-8"?>
<testsuites name="Test Suite Single Case" time="5.254" tests="1" failures="0" errors="0">
   <testsuite name="Test Suite Single Case" tests="1" failures="0" errors="0" time="5.254" skipped="0" timestamp="08-06-2024T16:37:21" hostname="KietDT - host.docker.internal" id="Test Suites/Test Suites/Test Suite Single Case">
      <properties>
         <property name="deviceName" value=""/>
         <property name="devicePlatform"/>
         <property name="logFolder" value="D:\\IT\\katalon-repo-shadow\\Reports\\20240608_163716\\Test Suites\\Test Suite Single Case\\20240608_163716"/>
         <property name="logFiles" value="D:\\IT\\katalon-repo-shadow\\Reports\\20240608_163716\\Test Suites\\Test Suite Single Case\\20240608_163716\\execution0.log"/>
         <property name="attachments" value=""/>
         <property name="hostName" value="KietDT - host.docker.internal"/>
         <property name="os" value="Windows 11 64bit"/>
         <property name="katalonVersion" value="9.5.0.217"/>
         <property name="browser" value="Chrome 125.0.0.0"/>
         <property name="hostAddress" value="192.168.50.221"/>
         <property name="sessionId" value="ffc93db2a20df30b9da3e52ed9ce09e5"/>
         <property name="seleniumVersion" value="3.141.59"/>
         <property name="proxyInformation" value="ProxyInformation { proxyOption=NO_PROXY, proxyServerType=HTTP, username=, password=********, proxyServerAddress=, proxyServerPort=0, executionList=&quot;&quot;, isApplyToDesiredCapabilities=true }"/>
         <property name="platform" value="Windows 11"/>
      </properties>
      <testcase name="Test Cases/WEB/TC01" time="5.15" classname="Test Cases/WEB/TC01" status="PASSED">
         <system-out><![CDATA[08-06-2024T16:37:22 - [TEST_CASE][PASSED] - Test Cases/WEB/TC01: Test Cases/WEB/TC01

08-06-2024T16:37:22 - [TEST_STEP][PASSED] - openBrowser(""): Browser is opened with url: ''

08-06-2024T16:37:22 - [MESSAGE][INFO] - Starting 'Chrome' driver

08-06-2024T16:37:22 - [MESSAGE][INFO] - Action delay is set to 0 milliseconds

08-06-2024T16:37:23 - [MESSAGE][PASSED] - Browser is opened with url: ''

08-06-2024T16:37:23 - [TEST_STEP][PASSED] - navigateToUrl("https://katalon-demo-cura.herokuapp.com/"): Navigate to 'https://katalon-demo-cura.herokuapp.com/' successfully

08-06-2024T16:37:26 - [MESSAGE][PASSED] - Navigate to 'https://katalon-demo-cura.herokuapp.com/' successfully

08-06-2024T16:37:26 - [TEST_STEP][PASSED] - verifyElementVisible(findTestObject("Object Repository/Page_CURA Healthcare Service/h1_CURA Healthcare Service")): Object 'Object Repository/Page_CURA Healthcare Service/h1_CURA Healthcare Service' is visible

08-06-2024T16:37:26 - [MESSAGE][PASSED] - Object 'Object Repository/Page_CURA Healthcare Service/h1_CURA Healthcare Service' is visible

08-06-2024T16:37:26 - [TEST_STEP][PASSED] - verifyElementText(findTestObject("Object Repository/Page_CURA Healthcare Service/h1_CURA Healthcare Service"), "CURA Healthcare Service"): Actual text and expected text of test object 'Object Repository/Page_CURA Healthcare Service/h1_CURA Healthcare Service' are matched.

08-06-2024T16:37:27 - [MESSAGE][PASSED] - Actual text and expected text of test object 'Object Repository/Page_CURA Healthcare Service/h1_CURA Healthcare Service' are matched.

08-06-2024T16:37:27 - [TEST_STEP][PASSED] - closeBrowser(): Browser is closed

08-06-2024T16:37:27 - [MESSAGE][PASSED] - Browser is closed]]></system-out>
         <system-err><![CDATA[]]></system-err>
      </testcase>
      <system-out><![CDATA[08-06-2024T16:37:21 - [TEST_SUITE][PASSED] - Test Suite Single Case: Test Cases/WEB/TC01]]></system-out>
      <system-err><![CDATA[]]></system-err>
   </testsuite>
</testsuites>
