<?xml version="1.0" encoding="UTF-8"?>
<testsuites name="Test Suite API" time="2.096" tests="1" failures="0" errors="0">
   <testsuite name="Test Suite API" tests="1" failures="0" errors="0" time="2.096" skipped="0" timestamp="28-06-2024T17:15:02" hostname="KietDT - host.docker.internal" id="Test Suites/Test Suites/Test Suite API">
      <properties>
         <property name="deviceName" value=""/>
         <property name="devicePlatform"/>
         <property name="logFolder" value="D:\\IT\\Sourcecode\\katalon-repo-shadow\\Reports\\20240628_171455\\Test Suites\\Test Suite API\\20240628_171455"/>
         <property name="logFiles" value="D:\\IT\\Sourcecode\\katalon-repo-shadow\\Reports\\20240628_171455\\Test Suites\\Test Suite API\\20240628_171455\\execution0.log"/>
         <property name="attachments" value=""/>
         <property name="hostName" value="KietDT - host.docker.internal"/>
         <property name="hostAddress" value="192.168.50.221"/>
         <property name="os" value="Windows 11 64bit"/>
         <property name="katalonVersion" value="9.5.0.217"/>
      </properties>
      <testcase name="Test Cases/API/API01" time="1.986" classname="Test Cases/API/API01" status="PASSED">
         <system-out><![CDATA[28-06-2024T17:15:02 - [TEST_CASE][PASSED] - Test Cases/API/API01: Test Cases/API/API01

28-06-2024T17:15:02 - [TEST_STEP][PASSED] - getSingleUser = sendRequest(findTestObject("API/Get Single User")): Send request successfully

28-06-2024T17:15:04 - [MESSAGE][INFO] - HAR: D:\IT\Sourcecode\katalon-repo-shadow\Reports\20240628_171455\Test Suites\Test Suite API\20240628_171455\requests\main\0.har

28-06-2024T17:15:04 - [MESSAGE][PASSED] - Send request successfully

28-06-2024T17:15:04 - [TEST_STEP][PASSED] - verifyResponseStatusCode(getSingleUser, 200): Verify response status code successfully

28-06-2024T17:15:04 - [MESSAGE][PASSED] - Verify response status code successfully]]></system-out>
         <system-err><![CDATA[]]></system-err>
      </testcase>
      <system-out><![CDATA[28-06-2024T17:15:02 - [TEST_SUITE][PASSED] - Test Suite API: Test Cases/API/API01]]></system-out>
      <system-err><![CDATA[]]></system-err>
   </testsuite>
</testsuites>
