<?xml version="1.0" encoding="UTF-8"?>
<testsuites name="Test Suite Visual Testing" time="51.121" tests="1" failures="0" errors="0">
   <testsuite name="Test Suite Visual Testing" tests="1" failures="0" errors="0" time="51.121" skipped="0" timestamp="16-06-2024T00:00:42" hostname="KietDT - host.docker.internal" id="Test Suites/Test Suites/Test Suite Visual Testing">
      <properties>
         <property name="deviceName" value=""/>
         <property name="devicePlatform"/>
         <property name="logFolder" value="D:\\IT\\Sourcecode\\katalon-repo-shadow\\Reports\\20240616_000032\\Test Suites\\Test Suite Visual Testing\\20240616_000033"/>
         <property name="logFiles" value="D:\\IT\\Sourcecode\\katalon-repo-shadow\\Reports\\20240616_000032\\Test Suites\\Test Suite Visual Testing\\20240616_000033\\execution0.log"/>
         <property name="attachments" value="keyes\keyes-current_viewport1.png, keyes\keyes-current_viewport2.png, keyes\keyes-current_viewport3.png, keyes\keyes-current_viewport4.png, keyes\keyes-current_viewport5.png, keyes\keyes-current_viewport6.png, keyes\keyes-current_viewport7.png, keyes\keyes-current_viewport8.png, keyes\keyes-current_viewport9.png, keyes\keyes-current_viewport10.png, keyes\keyes-current_viewport11.png"/>
         <property name="hostName" value="KietDT - host.docker.internal"/>
         <property name="os" value="Windows 11 64bit"/>
         <property name="katalonVersion" value="9.5.0.217"/>
         <property name="browser" value="Chrome 125.0.0.0"/>
         <property name="hostAddress" value="192.168.50.221"/>
         <property name="sessionId" value="bbaa975dba40e676f510a046c524d112"/>
         <property name="seleniumVersion" value="3.141.59"/>
         <property name="proxyInformation" value="ProxyInformation { proxyOption=NO_PROXY, proxyServerType=HTTP, username=, password=********, proxyServerAddress=, proxyServerPort=0, executionList=&quot;&quot;, isApplyToDesiredCapabilities=true }"/>
         <property name="platform" value="Windows 11"/>
      </properties>
      <testcase name="Test Cases/WEB/TC30" time="50.972" classname="Test Cases/WEB/TC30" status="PASSED">
         <system-out><![CDATA[16-06-2024T00:00:42 - [TEST_CASE][PASSED] - Test Cases/WEB/TC30: Test Cases/WEB/TC30

16-06-2024T00:00:43 - [TEST_STEP][PASSED] - openBrowser(""): Browser is opened with url: ''

16-06-2024T00:00:43 - [MESSAGE][INFO] - Starting 'Chrome' driver

16-06-2024T00:00:43 - [MESSAGE][INFO] - Action delay is set to 0 milliseconds

16-06-2024T00:00:45 - [MESSAGE][PASSED] - Browser is opened with url: ''

16-06-2024T00:00:45 - [TEST_STEP][PASSED] - navigateToUrl("https://katalon-demo-cura.herokuapp.com/"): Navigate to 'https://katalon-demo-cura.herokuapp.com/' successfully

16-06-2024T00:01:25 - [MESSAGE][PASSED] - Navigate to 'https://katalon-demo-cura.herokuapp.com/' successfully

16-06-2024T00:01:25 - [TEST_STEP][PASSED] - takeScreenshotAsCheckpoint("current_viewport1"): Taking screenshot successfully

16-06-2024T00:01:26 - [MESSAGE][INFO] - 0 hidden object(s)

16-06-2024T00:01:26 - [MESSAGE][PASSED] - Taking screenshot successfully
[[ATTACHMENT|keyes\keyes-current_viewport1.png]]

16-06-2024T00:01:26 - [TEST_STEP][PASSED] - click(findTestObject("Object Repository/Page_CURA Healthcare Service/i_CURA Healthcare_fa fa-bars")): Object: 'Object Repository/Page_CURA Healthcare Service/i_CURA Healthcare_fa fa-bars' is clicked on

16-06-2024T00:01:26 - [MESSAGE][PASSED] - Object: 'Object Repository/Page_CURA Healthcare Service/i_CURA Healthcare_fa fa-bars' is clicked on

16-06-2024T00:01:26 - [TEST_STEP][PASSED] - takeScreenshotAsCheckpoint("current_viewport2"): Taking screenshot successfully

16-06-2024T00:01:27 - [MESSAGE][INFO] - 0 hidden object(s)

16-06-2024T00:01:27 - [MESSAGE][PASSED] - Taking screenshot successfully
[[ATTACHMENT|keyes\keyes-current_viewport2.png]]

16-06-2024T00:01:27 - [TEST_STEP][PASSED] - click(findTestObject("Object Repository/Page_CURA Healthcare Service/a_Login")): Object: 'Object Repository/Page_CURA Healthcare Service/a_Login' is clicked on

16-06-2024T00:01:28 - [MESSAGE][PASSED] - Object: 'Object Repository/Page_CURA Healthcare Service/a_Login' is clicked on

16-06-2024T00:01:28 - [TEST_STEP][PASSED] - verifyElementText(findTestObject("Object Repository/Page_CURA Healthcare Service/h2_Login"), "Login"): Actual text and expected text of test object 'Object Repository/Page_CURA Healthcare Service/h2_Login' are matched.

16-06-2024T00:01:28 - [MESSAGE][PASSED] - Actual text and expected text of test object 'Object Repository/Page_CURA Healthcare Service/h2_Login' are matched.

16-06-2024T00:01:28 - [TEST_STEP][PASSED] - verifyElementText(findTestObject("Object Repository/Page_CURA Healthcare Service/p_Please login to make appointment"), "Please login to make appointment."): Actual text and expected text of test object 'Object Repository/Page_CURA Healthcare Service/p_Please login to make appointment' are matched.

16-06-2024T00:01:29 - [MESSAGE][PASSED] - Actual text and expected text of test object 'Object Repository/Page_CURA Healthcare Service/p_Please login to make appointment' are matched.

16-06-2024T00:01:29 - [TEST_STEP][PASSED] - verifyElementPresent(findTestObject("Object Repository/Page_CURA Healthcare Service/label_Username"), 0): Object 'Object Repository/Page_CURA Healthcare Service/label_Username' is present

16-06-2024T00:01:29 - [MESSAGE][WARNING] - Timeout '0' is invalid. Using default page load timeout: '30'

16-06-2024T00:01:29 - [MESSAGE][PASSED] - Object 'Object Repository/Page_CURA Healthcare Service/label_Username' is present

16-06-2024T00:01:29 - [TEST_STEP][PASSED] - verifyElementPresent(findTestObject("Object Repository/Page_CURA Healthcare Service/input_Username_username"), 0): Object 'Object Repository/Page_CURA Healthcare Service/input_Username_username' is present

16-06-2024T00:01:29 - [MESSAGE][WARNING] - Timeout '0' is invalid. Using default page load timeout: '30'

16-06-2024T00:01:29 - [MESSAGE][PASSED] - Object 'Object Repository/Page_CURA Healthcare Service/input_Username_username' is present

16-06-2024T00:01:29 - [TEST_STEP][PASSED] - verifyElementPresent(findTestObject("Object Repository/Page_CURA Healthcare Service/label_Password"), 0): Object 'Object Repository/Page_CURA Healthcare Service/label_Password' is present

16-06-2024T00:01:29 - [MESSAGE][WARNING] - Timeout '0' is invalid. Using default page load timeout: '30'

16-06-2024T00:01:29 - [MESSAGE][PASSED] - Object 'Object Repository/Page_CURA Healthcare Service/label_Password' is present

16-06-2024T00:01:29 - [TEST_STEP][PASSED] - verifyElementPresent(findTestObject("Object Repository/Page_CURA Healthcare Service/input_Password_password"), 0): Object 'Object Repository/Page_CURA Healthcare Service/input_Password_password' is present

16-06-2024T00:01:29 - [MESSAGE][WARNING] - Timeout '0' is invalid. Using default page load timeout: '30'

16-06-2024T00:01:30 - [MESSAGE][PASSED] - Object 'Object Repository/Page_CURA Healthcare Service/input_Password_password' is present

16-06-2024T00:01:30 - [TEST_STEP][PASSED] - verifyElementClickable(findTestObject("Object Repository/Page_CURA Healthcare Service/button_Login")): Object 'Object Repository/Page_CURA Healthcare Service/button_Login' is clickable

16-06-2024T00:01:30 - [MESSAGE][PASSED] - Object 'Object Repository/Page_CURA Healthcare Service/button_Login' is clickable

16-06-2024T00:01:30 - [TEST_STEP][PASSED] - takeScreenshotAsCheckpoint("current_viewport3"): Taking screenshot successfully

16-06-2024T00:01:30 - [MESSAGE][INFO] - 0 hidden object(s)

16-06-2024T00:01:30 - [MESSAGE][PASSED] - Taking screenshot successfully
[[ATTACHMENT|keyes\keyes-current_viewport3.png]]

16-06-2024T00:01:30 - [TEST_STEP][PASSED] - takeScreenshotAsCheckpoint("current_viewport4"): Taking screenshot successfully

16-06-2024T00:01:31 - [MESSAGE][INFO] - 0 hidden object(s)

16-06-2024T00:01:31 - [MESSAGE][PASSED] - Taking screenshot successfully
[[ATTACHMENT|keyes\keyes-current_viewport4.png]]

16-06-2024T00:01:31 - [TEST_STEP][PASSED] - takeScreenshotAsCheckpoint("current_viewport5"): Taking screenshot successfully

16-06-2024T00:01:31 - [MESSAGE][INFO] - 0 hidden object(s)

16-06-2024T00:01:31 - [MESSAGE][PASSED] - Taking screenshot successfully
[[ATTACHMENT|keyes\keyes-current_viewport5.png]]

16-06-2024T00:01:31 - [TEST_STEP][PASSED] - takeScreenshotAsCheckpoint("current_viewport6"): Taking screenshot successfully

16-06-2024T00:01:31 - [MESSAGE][INFO] - 0 hidden object(s)

16-06-2024T00:01:31 - [MESSAGE][PASSED] - Taking screenshot successfully
[[ATTACHMENT|keyes\keyes-current_viewport6.png]]

16-06-2024T00:01:31 - [TEST_STEP][PASSED] - takeScreenshotAsCheckpoint("current_viewport7"): Taking screenshot successfully

16-06-2024T00:01:32 - [MESSAGE][INFO] - 0 hidden object(s)

16-06-2024T00:01:32 - [MESSAGE][PASSED] - Taking screenshot successfully
[[ATTACHMENT|keyes\keyes-current_viewport7.png]]

16-06-2024T00:01:32 - [TEST_STEP][PASSED] - takeScreenshotAsCheckpoint("current_viewport8"): Taking screenshot successfully

16-06-2024T00:01:32 - [MESSAGE][INFO] - 0 hidden object(s)

16-06-2024T00:01:32 - [MESSAGE][PASSED] - Taking screenshot successfully
[[ATTACHMENT|keyes\keyes-current_viewport8.png]]

16-06-2024T00:01:32 - [TEST_STEP][PASSED] - takeScreenshotAsCheckpoint("current_viewport9"): Taking screenshot successfully

16-06-2024T00:01:33 - [MESSAGE][INFO] - 0 hidden object(s)

16-06-2024T00:01:33 - [MESSAGE][PASSED] - Taking screenshot successfully
[[ATTACHMENT|keyes\keyes-current_viewport9.png]]

16-06-2024T00:01:33 - [TEST_STEP][PASSED] - takeScreenshotAsCheckpoint("current_viewport10"): Taking screenshot successfully

16-06-2024T00:01:33 - [MESSAGE][INFO] - 0 hidden object(s)

16-06-2024T00:01:33 - [MESSAGE][PASSED] - Taking screenshot successfully
[[ATTACHMENT|keyes\keyes-current_viewport10.png]]

16-06-2024T00:01:33 - [TEST_STEP][PASSED] - takeScreenshotAsCheckpoint("current_viewport11"): Taking screenshot successfully

16-06-2024T00:01:33 - [MESSAGE][INFO] - 0 hidden object(s)

16-06-2024T00:01:33 - [MESSAGE][PASSED] - Taking screenshot successfully
[[ATTACHMENT|keyes\keyes-current_viewport11.png]]

16-06-2024T00:01:33 - [TEST_STEP][PASSED] - closeBrowser(): Browser is closed

16-06-2024T00:01:33 - [MESSAGE][PASSED] - Browser is closed]]></system-out>
         <system-err><![CDATA[]]></system-err>
      </testcase>
      <system-out><![CDATA[16-06-2024T00:00:42 - [TEST_SUITE][PASSED] - Test Suite Visual Testing: Test Cases/WEB/TC30]]></system-out>
      <system-err><![CDATA[]]></system-err>
   </testsuite>
</testsuites>
